2020-03-01 00:00:00+08:00 - [INFO]: initialize
2020-03-27 06:30:00+08:00 - [INFO]: BUY order 1 created #325058.3 @ 0.171490
2020-03-27 06:30:00+08:00 - [INFO]: STOPLOSS order 2 created #325058.3 @ 0.164630
2020-03-27 06:30:00+08:00 - [INFO]: BUY order 1 (MARKET) executed #325058.3 XRP/USDT @ $0.171490; Commission: $55.744248; Available Cash: $0.007885; Position: #325058.3; Gross P&L : $0; Net P&L : $-55.744248
2020-04-03 19:00:00+08:00 - [INFO]: SELL order 3 created #325058.3 @ 0.181440
2020-04-03 19:00:00+08:00 - [INFO]: SELL order 3 (LIMIT) executed #325058.3 XRP/USDT @ $0.181850; Commission: $59.111852; Available Cash: $59052.747888; Position: #0.0; Gross P&L : $3367.6039880000026; Net P&L : $3308.4921360000026
2020-04-03 19:00:00+08:00 - [INFO]: Trade closed, pnl: 3367.6039880000026========
2020-05-18 05:00:00+08:00 - [INFO]: BUY order 4 created #274751.1 @ 0.202890
2020-05-18 05:00:00+08:00 - [INFO]: STOPLOSS order 5 created #274751.1 @ 0.194774
2020-05-18 05:00:00+08:00 - [INFO]: BUY order 4 (MARKET) executed #274751.1 XRP/USDT @ $0.202890; Commission: $55.744251; Available Cash: $3252.752958; Position: #274751.1; Gross P&L : $0; Net P&L : $-55.744251
2020-06-05 07:30:00+08:00 - [INFO]: SELL order 6 created #274751.1 @ 0.204270
2020-06-05 07:30:00+08:00 - [INFO]: SELL order 6 (LIMIT) executed #274751.1 XRP/USDT @ $0.205080; Commission: $56.345956; Available Cash: $59542.36259; Position: #0.0; Gross P&L : $601.7049090000069; Net P&L : $545.3589530000069
2020-06-05 07:30:00+08:00 - [INFO]: Trade closed, pnl: 601.7049090000069========
2020-06-16 09:00:00+08:00 - [INFO]: BUY order 7 created #290971.1 @ 0.191580
2020-06-16 09:00:00+08:00 - [INFO]: STOPLOSS order 8 created #290971.1 @ 0.183917
2020-06-16 09:00:00+08:00 - [INFO]: BUY order 7 (MARKET) executed #290971.1 XRP/USDT @ $0.191580; Commission: $55.744243; Available Cash: $3742.375009; Position: #290971.1; Gross P&L : $0; Net P&L : $-55.744243
2020-07-13 03:00:00+08:00 - [INFO]: SELL order 9 created #290971.1 @ 0.198330
2020-07-13 03:00:00+08:00 - [INFO]: SELL order 9 (LIMIT) executed #290971.1 XRP/USDT @ $0.199190; Commission: $57.958533; Available Cash: $61642.949885; Position: #0.0; Gross P&L : $2214.2900710000013; Net P&L : $2156.3315380000013
2020-07-13 03:00:00+08:00 - [INFO]: Trade closed, pnl: 2214.2900710000013========
2020-08-27 00:00:00+08:00 - [INFO]: BUY order 10 created #199115.0 @ 0.279960
2020-08-27 00:00:00+08:00 - [INFO]: STOPLOSS order 11 created #199115.0 @ 0.268762
2020-08-27 00:00:00+08:00 - [INFO]: BUY order 10 (MARKET) executed #199115.0 XRP/USDT @ $0.279960; Commission: $55.744235; Available Cash: $5842.97025; Position: #199115.0; Gross P&L : $0; Net P&L : $-55.744235
2020-10-08 07:00:00+08:00 - [INFO]: SELL order 12 created #199115.0 @ 0.248500
2020-10-08 07:00:00+08:00 - [INFO]: SELL order 12 (LIMIT) executed #199115.0 XRP/USDT @ $0.248610; Commission: $49.50198; Available Cash: $55295.44842; Position: #0.0; Gross P&L : $-6242.255249999997; Net P&L : $-6291.757229999997
2020-10-08 07:00:00+08:00 - [INFO]: Trade closed, pnl: -6242.255249999997========
2020-11-03 03:00:00+08:00 - [INFO]: BUY order 13 created #234207.6 @ 0.235860
2020-11-03 03:00:00+08:00 - [INFO]: STOPLOSS order 14 created #234207.6 @ 0.226426
2020-11-03 03:00:00+08:00 - [INFO]: BUY order 13 (MARKET) executed #234207.6 XRP/USDT @ $0.235860; Commission: $55.240205; Available Cash: $0.003679; Position: #234207.6; Gross P&L : $0; Net P&L : $-55.240205
2020-11-14 01:00:00+08:00 - [INFO]: SELL order 15 created #234207.6 @ 0.260630
2020-11-14 01:00:00+08:00 - [INFO]: SELL order 15 (LIMIT) executed #234207.6 XRP/USDT @ $0.262420; Commission: $61.460758; Available Cash: $61399.301313; Position: #0.0; Gross P&L : $6220.553856; Net P&L : $6159.093098
2020-11-14 01:00:00+08:00 - [INFO]: Trade closed, pnl: 6220.553856========
2020-12-16 14:30:00+08:00 - [INFO]: BUY order 16 created #121773.5 @ 0.457770
2020-12-16 14:30:00+08:00 - [INFO]: STOPLOSS order 17 created #121773.5 @ 0.439459
2020-12-16 14:30:00+08:00 - [INFO]: BUY order 16 (MARKET) executed #121773.5 XRP/USDT @ $0.457770; Commission: $55.744255; Available Cash: $5599.301963; Position: #121773.5; Gross P&L : $0; Net P&L : $-55.744255
2021-01-16 21:30:00+08:00 - [INFO]: SELL order 18 created #121773.5 @ 0.287090
2021-01-16 21:30:00+08:00 - [INFO]: SELL order 18 (LIMIT) executed #121773.5 XRP/USDT @ $0.291730; Commission: $35.524983; Available Cash: $41088.760135; Position: #0.0; Gross P&L : $-20219.271940000002; Net P&L : $-20254.796923
2021-01-16 21:30:00+08:00 - [INFO]: Trade closed, pnl: -20219.271940000002========
2021-01-28 21:30:00+08:00 - [INFO]: BUY order 19 created #156682.6 @ 0.261980
2021-01-28 21:30:00+08:00 - [INFO]: STOPLOSS order 20 created #156682.6 @ 0.251501
2021-01-28 21:30:00+08:00 - [INFO]: BUY order 19 (MARKET) executed #156682.6 XRP/USDT @ $0.261980; Commission: $41.047708; Available Cash: $0.004879; Position: #156682.6; Gross P&L : $0; Net P&L : $-41.047708
2021-02-01 12:30:00+08:00 - [INFO]: SELL order 21 created #156682.6 @ 0.573500
2021-02-01 12:30:00+08:00 - [INFO]: SELL order 21 (LIMIT) executed #156682.6 XRP/USDT @ $0.595810; Commission: $93.35306; Available Cash: $93259.711725; Position: #0.0; Gross P&L : $52305.352358; Net P&L : $52211.999297999995
2021-02-01 12:30:00+08:00 - [INFO]: Trade closed, pnl: 52305.352358========
2021-03-01 15:00:00+08:00 - [INFO]: BUY order 22 created #130947.2 @ 0.425700
2021-03-01 15:00:00+08:00 - [INFO]: STOPLOSS order 23 created #130947.2 @ 0.408672
2021-03-01 15:00:00+08:00 - [INFO]: BUY order 22 (MARKET) executed #130947.2 XRP/USDT @ $0.425700; Commission: $55.744223; Available Cash: $37459.744462; Position: #130947.2; Gross P&L : $0; Net P&L : $-55.744223
2021-03-12 00:00:00+08:00 - [INFO]: finish
